#! /usr/local/Cellar/icarus-verilog/11.0/bin/vvp
:ivl_version "11.0 (stable)";
:ivl_delay_selection "TYPICAL";
:vpi_time_precision + 0;
:vpi_module "/usr/local/Cellar/icarus-verilog/11.0/lib/ivl/system.vpi";
:vpi_module "/usr/local/Cellar/icarus-verilog/11.0/lib/ivl/vhdl_sys.vpi";
:vpi_module "/usr/local/Cellar/icarus-verilog/11.0/lib/ivl/vhdl_textio.vpi";
:vpi_module "/usr/local/Cellar/icarus-verilog/11.0/lib/ivl/v2005_math.vpi";
:vpi_module "/usr/local/Cellar/icarus-verilog/11.0/lib/ivl/va_math.vpi";
S_0x7fdf82104100 .scope module, "VGA_control" "VGA_control" 2 19;
 .timescale 0 0;
    .port_info 0 /INPUT 1 "clk";
    .port_info 1 /INPUT 1 "rst";
    .port_info 2 /INPUT 1 "but_R";
    .port_info 3 /INPUT 1 "but_G";
    .port_info 4 /INPUT 1 "but_B";
    .port_info 5 /OUTPUT 4 "out_R";
    .port_info 6 /OUTPUT 4 "out_G";
    .port_info 7 /OUTPUT 4 "out_B";
    .port_info 8 /OUTPUT 1 "Hsync";
    .port_info 9 /OUTPUT 1 "Vsync";
v0x7fdf82104780_0 .var "Hsync", 0 0;
v0x7fdf80c064d0_0 .var "Vsync", 0 0;
o0x7fdf80e32068 .functor BUFZ 1, C4<z>; HiZ drive
v0x7fdf80c06320_0 .net "but_B", 0 0, o0x7fdf80e32068;  0 drivers
o0x7fdf80e32098 .functor BUFZ 1, C4<z>; HiZ drive
v0x7fdf80c06590_0 .net "but_G", 0 0, o0x7fdf80e32098;  0 drivers
o0x7fdf80e320c8 .functor BUFZ 1, C4<z>; HiZ drive
v0x7fdf80c06620_0 .net "but_R", 0 0, o0x7fdf80e320c8;  0 drivers
o0x7fdf80e320f8 .functor BUFZ 1, C4<z>; HiZ drive
v0x7fdf80c066b0_0 .net "clk", 0 0, o0x7fdf80e320f8;  0 drivers
v0x7fdf80c06740_0 .var "counter_x", 9 0;
v0x7fdf80c067d0_0 .var "counter_y", 9 0;
v0x7fdf80c06860_0 .var "out_B", 3 0;
v0x7fdf80c06970_0 .var "out_G", 3 0;
v0x7fdf80c06a10_0 .var "out_R", 3 0;
o0x7fdf80e32218 .functor BUFZ 1, C4<z>; HiZ drive
v0x7fdf80c06ac0_0 .net "rst", 0 0, o0x7fdf80e32218;  0 drivers
v0x7fdf80c06b60_0 .var "tmp_b", 3 0;
v0x7fdf80c06c10_0 .var "tmp_g", 3 0;
v0x7fdf80c06cc0_0 .var "tmp_r", 3 0;
E_0x7fdf821040a0 .event posedge, v0x7fdf80c06320_0;
E_0x7fdf82104660 .event posedge, v0x7fdf80c06590_0;
E_0x7fdf821046a0 .event posedge, v0x7fdf80c06620_0;
E_0x7fdf821046d0/0 .event negedge, v0x7fdf80c06ac0_0;
E_0x7fdf821046d0/1 .event posedge, v0x7fdf80c066b0_0;
E_0x7fdf821046d0 .event/or E_0x7fdf821046d0/0, E_0x7fdf821046d0/1;
E_0x7fdf82104710 .event posedge, v0x7fdf80c066b0_0;
S_0x7fdf821043b0 .scope module, "VGA_output" "VGA_output" 2 345;
 .timescale 0 0;
    .port_info 0 /INPUT 1 "clk";
    .port_info 1 /INPUT 1 "rst";
    .port_info 2 /INPUT 1 "but_R";
    .port_info 3 /INPUT 1 "but_G";
    .port_info 4 /INPUT 1 "but_B";
    .port_info 5 /OUTPUT 4 "out_R";
    .port_info 6 /OUTPUT 4 "out_G";
    .port_info 7 /OUTPUT 4 "out_B";
    .port_info 8 /OUTPUT 1 "Hsync";
    .port_info 9 /OUTPUT 1 "Vsync";
v0x7fdf80c07f40_0 .net "Hsync", 0 0, v0x7fdf80c07170_0;  1 drivers
v0x7fdf80c07fd0_0 .net "Vsync", 0 0, v0x7fdf80c07220_0;  1 drivers
o0x7fdf80e32908 .functor BUFZ 1, C4<z>; HiZ drive
v0x7fdf80c08080_0 .net "but_B", 0 0, o0x7fdf80e32908;  0 drivers
o0x7fdf80e32938 .functor BUFZ 1, C4<z>; HiZ drive
v0x7fdf80c08130_0 .net "but_G", 0 0, o0x7fdf80e32938;  0 drivers
o0x7fdf80e32968 .functor BUFZ 1, C4<z>; HiZ drive
v0x7fdf80c081c0_0 .net "but_R", 0 0, o0x7fdf80e32968;  0 drivers
o0x7fdf80e32848 .functor BUFZ 1, C4<z>; HiZ drive
v0x7fdf80c08290_0 .net "clk", 0 0, o0x7fdf80e32848;  0 drivers
v0x7fdf80c08320_0 .net "div_clk", 0 0, v0x7fdf80c07d90_0;  1 drivers
v0x7fdf80c083f0_0 .net "out_B", 3 0, v0x7fdf80c07510_0;  1 drivers
v0x7fdf80c08480_0 .net "out_G", 3 0, v0x7fdf80c075c0_0;  1 drivers
v0x7fdf80c085b0_0 .net "out_R", 3 0, v0x7fdf80c07670_0;  1 drivers
o0x7fdf80e32638 .functor BUFZ 1, C4<z>; HiZ drive
v0x7fdf80c08640_0 .net "rst", 0 0, o0x7fdf80e32638;  0 drivers
S_0x7fdf80c06e60 .scope module, "u_VGA_display" "VGA_display" 2 351, 2 96 0, S_0x7fdf821043b0;
 .timescale 0 0;
    .port_info 0 /INPUT 1 "clk";
    .port_info 1 /INPUT 1 "rst";
    .port_info 2 /OUTPUT 4 "out_R";
    .port_info 3 /OUTPUT 4 "out_G";
    .port_info 4 /OUTPUT 4 "out_B";
    .port_info 5 /OUTPUT 1 "Hsync";
    .port_info 6 /OUTPUT 1 "Vsync";
v0x7fdf80c07170_0 .var "Hsync", 0 0;
v0x7fdf80c07220_0 .var "Vsync", 0 0;
v0x7fdf80c072c0_0 .net "clk", 0 0, v0x7fdf80c07d90_0;  alias, 1 drivers
v0x7fdf80c07370_0 .var "counter_x", 9 0;
v0x7fdf80c07420_0 .var "counter_y", 9 0;
v0x7fdf80c07510_0 .var "out_B", 3 0;
v0x7fdf80c075c0_0 .var "out_G", 3 0;
v0x7fdf80c07670_0 .var "out_R", 3 0;
v0x7fdf80c07720_0 .net "rst", 0 0, o0x7fdf80e32638;  alias, 0 drivers
v0x7fdf80c07830_0 .var "tmp_b", 3 0;
v0x7fdf80c078d0_0 .var "tmp_g", 3 0;
v0x7fdf80c07980_0 .var "tmp_r", 3 0;
E_0x7fdf80c070e0 .event posedge, v0x7fdf80c072c0_0;
E_0x7fdf80c07130/0 .event negedge, v0x7fdf80c07720_0;
E_0x7fdf80c07130/1 .event posedge, v0x7fdf80c072c0_0;
E_0x7fdf80c07130 .event/or E_0x7fdf80c07130/0, E_0x7fdf80c07130/1;
S_0x7fdf80c07aa0 .scope module, "u_clk_div" "clk_div" 2 350, 2 1 0, S_0x7fdf821043b0;
 .timescale 0 0;
    .port_info 0 /INPUT 1 "clk";
    .port_info 1 /INPUT 1 "rst";
    .port_info 2 /OUTPUT 1 "div_clk";
v0x7fdf80c07cf0_0 .net "clk", 0 0, o0x7fdf80e32848;  alias, 0 drivers
v0x7fdf80c07d90_0 .var "div_clk", 0 0;
v0x7fdf80c07e50_0 .net "rst", 0 0, o0x7fdf80e32638;  alias, 0 drivers
E_0x7fdf80c07cc0/0 .event negedge, v0x7fdf80c07720_0;
E_0x7fdf80c07cc0/1 .event posedge, v0x7fdf80c07cf0_0;
E_0x7fdf80c07cc0 .event/or E_0x7fdf80c07cc0/0, E_0x7fdf80c07cc0/1;
    .scope S_0x7fdf82104100;
T_0 ;
    %wait E_0x7fdf82104710;
    %load/vec4 v0x7fdf80c06740_0;
    %cmpi/u 799, 0, 10;
    %jmp/0xz  T_0.0, 5;
    %load/vec4 v0x7fdf80c06740_0;
    %addi 1, 0, 10;
    %assign/vec4 v0x7fdf80c06740_0, 0;
    %jmp T_0.1;
T_0.0 ;
    %pushi/vec4 0, 0, 10;
    %assign/vec4 v0x7fdf80c06740_0, 0;
T_0.1 ;
    %jmp T_0;
    .thread T_0;
    .scope S_0x7fdf82104100;
T_1 ;
    %wait E_0x7fdf82104710;
    %load/vec4 v0x7fdf80c06740_0;
    %cmpi/e 799, 0, 10;
    %jmp/0xz  T_1.0, 4;
    %load/vec4 v0x7fdf80c067d0_0;
    %cmpi/u 525, 0, 10;
    %jmp/0xz  T_1.2, 5;
    %load/vec4 v0x7fdf80c067d0_0;
    %addi 1, 0, 10;
    %assign/vec4 v0x7fdf80c067d0_0, 0;
    %jmp T_1.3;
T_1.2 ;
    %pushi/vec4 0, 0, 10;
    %assign/vec4 v0x7fdf80c067d0_0, 0;
T_1.3 ;
T_1.0 ;
    %jmp T_1;
    .thread T_1;
    .scope S_0x7fdf82104100;
T_2 ;
    %wait E_0x7fdf821046d0;
    %load/vec4 v0x7fdf80c06ac0_0;
    %nor/r;
    %flag_set/vec4 8;
    %jmp/0xz  T_2.0, 8;
    %pushi/vec4 0, 0, 4;
    %assign/vec4 v0x7fdf80c06a10_0, 0;
    %pushi/vec4 0, 0, 4;
    %assign/vec4 v0x7fdf80c06970_0, 0;
    %pushi/vec4 0, 0, 4;
    %assign/vec4 v0x7fdf80c06860_0, 0;
    %jmp T_2.1;
T_2.0 ;
    %pushi/vec4 0, 0, 10;
    %load/vec4 v0x7fdf80c06740_0;
    %cmp/u;
    %flag_get/vec4 4;
    %flag_get/vec4 5;
    %or;
    %load/vec4 v0x7fdf80c06740_0;
    %cmpi/u 96, 0, 10;
    %flag_get/vec4 5;
    %and;
    %flag_set/vec4 8;
    %jmp/0 T_2.2, 8;
    %pushi/vec4 0, 0, 1;
    %jmp/1 T_2.3, 8;
T_2.2 ; End of true expr.
    %pushi/vec4 1, 0, 1;
    %jmp/0 T_2.3, 8;
 ; End of false expr.
    %blend;
T_2.3;
    %assign/vec4 v0x7fdf82104780_0, 0;
    %pushi/vec4 0, 0, 10;
    %load/vec4 v0x7fdf80c067d0_0;
    %cmp/u;
    %flag_get/vec4 4;
    %flag_get/vec4 5;
    %or;
    %load/vec4 v0x7fdf80c067d0_0;
    %cmpi/u 2, 0, 10;
    %flag_get/vec4 5;
    %and;
    %flag_set/vec4 8;
    %jmp/0 T_2.4, 8;
    %pushi/vec4 0, 0, 1;
    %jmp/1 T_2.5, 8;
T_2.4 ; End of true expr.
    %pushi/vec4 1, 0, 1;
    %jmp/0 T_2.5, 8;
 ; End of false expr.
    %blend;
T_2.5;
    %assign/vec4 v0x7fdf80c064d0_0, 0;
    %pushi/vec4 96, 0, 10;
    %load/vec4 v0x7fdf80c06740_0;
    %cmp/u;
    %flag_get/vec4 4;
    %flag_get/vec4 5;
    %or;
    %load/vec4 v0x7fdf80c06740_0;
    %cmpi/u 144, 0, 10;
    %flag_get/vec4 4;
    %flag_get/vec4 5;
    %or;
    %and;
    %flag_set/vec4 8;
    %jmp/0xz  T_2.6, 8;
    %pushi/vec4 0, 0, 4;
    %assign/vec4 v0x7fdf80c06a10_0, 0;
    %pushi/vec4 0, 0, 4;
    %assign/vec4 v0x7fdf80c06970_0, 0;
    %pushi/vec4 0, 0, 4;
    %assign/vec4 v0x7fdf80c06860_0, 0;
    %jmp T_2.7;
T_2.6 ;
    %load/vec4 v0x7fdf80c06cc0_0;
    %assign/vec4 v0x7fdf80c06a10_0, 0;
    %load/vec4 v0x7fdf80c06c10_0;
    %assign/vec4 v0x7fdf80c06970_0, 0;
    %load/vec4 v0x7fdf80c06b60_0;
    %assign/vec4 v0x7fdf80c06860_0, 0;
T_2.7 ;
T_2.1 ;
    %jmp T_2;
    .thread T_2;
    .scope S_0x7fdf82104100;
T_3 ;
    %wait E_0x7fdf821046a0;
    %load/vec4 v0x7fdf80c06cc0_0;
    %addi 1, 0, 4;
    %assign/vec4 v0x7fdf80c06cc0_0, 0;
    %jmp T_3;
    .thread T_3;
    .scope S_0x7fdf82104100;
T_4 ;
    %wait E_0x7fdf82104660;
    %load/vec4 v0x7fdf80c06c10_0;
    %addi 1, 0, 4;
    %assign/vec4 v0x7fdf80c06c10_0, 0;
    %jmp T_4;
    .thread T_4;
    .scope S_0x7fdf82104100;
T_5 ;
    %wait E_0x7fdf821040a0;
    %load/vec4 v0x7fdf80c06b60_0;
    %addi 1, 0, 4;
    %assign/vec4 v0x7fdf80c06b60_0, 0;
    %jmp T_5;
    .thread T_5;
    .scope S_0x7fdf80c07aa0;
T_6 ;
    %wait E_0x7fdf80c07cc0;
    %load/vec4 v0x7fdf80c07e50_0;
    %nor/r;
    %flag_set/vec4 8;
    %jmp/0xz  T_6.0, 8;
    %pushi/vec4 0, 0, 1;
    %assign/vec4 v0x7fdf80c07d90_0, 0;
    %jmp T_6.1;
T_6.0 ;
    %load/vec4 v0x7fdf80c07d90_0;
    %inv;
    %store/vec4 v0x7fdf80c07d90_0, 0, 1;
T_6.1 ;
    %jmp T_6;
    .thread T_6;
    .scope S_0x7fdf80c06e60;
T_7 ;
    %wait E_0x7fdf80c070e0;
    %load/vec4 v0x7fdf80c07370_0;
    %cmpi/u 799, 0, 10;
    %jmp/0xz  T_7.0, 5;
    %load/vec4 v0x7fdf80c07370_0;
    %addi 1, 0, 10;
    %assign/vec4 v0x7fdf80c07370_0, 0;
    %jmp T_7.1;
T_7.0 ;
    %pushi/vec4 0, 0, 10;
    %assign/vec4 v0x7fdf80c07370_0, 0;
T_7.1 ;
    %jmp T_7;
    .thread T_7;
    .scope S_0x7fdf80c06e60;
T_8 ;
    %wait E_0x7fdf80c070e0;
    %load/vec4 v0x7fdf80c07370_0;
    %cmpi/e 799, 0, 10;
    %jmp/0xz  T_8.0, 4;
    %load/vec4 v0x7fdf80c07420_0;
    %cmpi/u 525, 0, 10;
    %jmp/0xz  T_8.2, 5;
    %load/vec4 v0x7fdf80c07420_0;
    %addi 1, 0, 10;
    %assign/vec4 v0x7fdf80c07420_0, 0;
    %jmp T_8.3;
T_8.2 ;
    %pushi/vec4 0, 0, 10;
    %assign/vec4 v0x7fdf80c07420_0, 0;
T_8.3 ;
T_8.0 ;
    %jmp T_8;
    .thread T_8;
    .scope S_0x7fdf80c06e60;
T_9 ;
    %wait E_0x7fdf80c07130;
    %load/vec4 v0x7fdf80c07720_0;
    %nor/r;
    %flag_set/vec4 8;
    %jmp/0xz  T_9.0, 8;
    %pushi/vec4 0, 0, 4;
    %assign/vec4 v0x7fdf80c07670_0, 0;
    %pushi/vec4 0, 0, 4;
    %assign/vec4 v0x7fdf80c075c0_0, 0;
    %pushi/vec4 0, 0, 4;
    %assign/vec4 v0x7fdf80c07510_0, 0;
    %jmp T_9.1;
T_9.0 ;
    %pushi/vec4 0, 0, 10;
    %load/vec4 v0x7fdf80c07370_0;
    %cmp/u;
    %flag_get/vec4 4;
    %flag_get/vec4 5;
    %or;
    %load/vec4 v0x7fdf80c07370_0;
    %cmpi/u 96, 0, 10;
    %flag_get/vec4 5;
    %and;
    %flag_set/vec4 8;
    %jmp/0 T_9.2, 8;
    %pushi/vec4 0, 0, 1;
    %jmp/1 T_9.3, 8;
T_9.2 ; End of true expr.
    %pushi/vec4 1, 0, 1;
    %jmp/0 T_9.3, 8;
 ; End of false expr.
    %blend;
T_9.3;
    %assign/vec4 v0x7fdf80c07170_0, 0;
    %pushi/vec4 0, 0, 10;
    %load/vec4 v0x7fdf80c07420_0;
    %cmp/u;
    %flag_get/vec4 4;
    %flag_get/vec4 5;
    %or;
    %load/vec4 v0x7fdf80c07420_0;
    %cmpi/u 2, 0, 10;
    %flag_get/vec4 5;
    %and;
    %flag_set/vec4 8;
    %jmp/0 T_9.4, 8;
    %pushi/vec4 0, 0, 1;
    %jmp/1 T_9.5, 8;
T_9.4 ; End of true expr.
    %pushi/vec4 1, 0, 1;
    %jmp/0 T_9.5, 8;
 ; End of false expr.
    %blend;
T_9.5;
    %assign/vec4 v0x7fdf80c07220_0, 0;
    %pushi/vec4 96, 0, 10;
    %load/vec4 v0x7fdf80c07370_0;
    %cmp/u;
    %flag_get/vec4 4;
    %flag_get/vec4 5;
    %or;
    %load/vec4 v0x7fdf80c07370_0;
    %cmpi/u 144, 0, 10;
    %flag_get/vec4 4;
    %flag_get/vec4 5;
    %or;
    %and;
    %flag_set/vec4 8;
    %jmp/0xz  T_9.6, 8;
    %pushi/vec4 0, 0, 4;
    %assign/vec4 v0x7fdf80c07670_0, 0;
    %pushi/vec4 0, 0, 4;
    %assign/vec4 v0x7fdf80c075c0_0, 0;
    %pushi/vec4 0, 0, 4;
    %assign/vec4 v0x7fdf80c07510_0, 0;
    %jmp T_9.7;
T_9.6 ;
    %load/vec4 v0x7fdf80c07980_0;
    %assign/vec4 v0x7fdf80c07670_0, 0;
    %load/vec4 v0x7fdf80c078d0_0;
    %assign/vec4 v0x7fdf80c075c0_0, 0;
    %load/vec4 v0x7fdf80c07830_0;
    %assign/vec4 v0x7fdf80c07510_0, 0;
T_9.7 ;
T_9.1 ;
    %jmp T_9;
    .thread T_9;
    .scope S_0x7fdf80c06e60;
T_10 ;
    %wait E_0x7fdf80c070e0;
    %load/vec4 v0x7fdf80c07420_0;
    %pad/u 32;
    %cmpi/u 135, 0, 32;
    %jmp/0xz  T_10.0, 5;
    %pushi/vec4 15, 0, 4;
    %assign/vec4 v0x7fdf80c07980_0, 0;
    %pushi/vec4 15, 0, 4;
    %assign/vec4 v0x7fdf80c07830_0, 0;
    %pushi/vec4 15, 0, 4;
    %assign/vec4 v0x7fdf80c078d0_0, 0;
    %jmp T_10.1;
T_10.0 ;
    %pushi/vec4 135, 0, 32;
    %load/vec4 v0x7fdf80c07420_0;
    %pad/u 32;
    %cmp/u;
    %flag_get/vec4 4;
    %flag_get/vec4 5;
    %or;
    %load/vec4 v0x7fdf80c07420_0;
    %pad/u 32;
    %cmpi/u 205, 0, 32;
    %flag_get/vec4 5;
    %and;
    %flag_set/vec4 8;
    %jmp/0xz  T_10.2, 8;
    %load/vec4 v0x7fdf80c07370_0;
    %pad/u 32;
    %cmpi/u 324, 0, 32;
    %jmp/0xz  T_10.4, 5;
    %pushi/vec4 15, 0, 4;
    %assign/vec4 v0x7fdf80c07980_0, 0;
    %pushi/vec4 15, 0, 4;
    %assign/vec4 v0x7fdf80c07830_0, 0;
    %pushi/vec4 15, 0, 4;
    %assign/vec4 v0x7fdf80c078d0_0, 0;
    %jmp T_10.5;
T_10.4 ;
    %pushi/vec4 324, 0, 32;
    %load/vec4 v0x7fdf80c07370_0;
    %pad/u 32;
    %cmp/u;
    %flag_get/vec4 4;
    %flag_get/vec4 5;
    %or;
    %load/vec4 v0x7fdf80c07370_0;
    %pad/u 32;
    %cmpi/u 604, 0, 32;
    %flag_get/vec4 5;
    %and;
    %flag_set/vec4 8;
    %jmp/0xz  T_10.6, 8;
    %pushi/vec4 15, 0, 4;
    %assign/vec4 v0x7fdf80c07980_0, 0;
    %pushi/vec4 0, 0, 4;
    %assign/vec4 v0x7fdf80c07830_0, 0;
    %pushi/vec4 15, 0, 4;
    %assign/vec4 v0x7fdf80c078d0_0, 0;
    %jmp T_10.7;
T_10.6 ;
    %load/vec4 v0x7fdf80c07370_0;
    %pad/u 32;
    %cmpi/u 604, 0, 32;
    %flag_inv 5; GE is !LT
    %jmp/0xz  T_10.8, 5;
    %pushi/vec4 15, 0, 4;
    %assign/vec4 v0x7fdf80c07980_0, 0;
    %pushi/vec4 15, 0, 4;
    %assign/vec4 v0x7fdf80c07830_0, 0;
    %pushi/vec4 15, 0, 4;
    %assign/vec4 v0x7fdf80c078d0_0, 0;
T_10.8 ;
T_10.7 ;
T_10.5 ;
    %jmp T_10.3;
T_10.2 ;
    %pushi/vec4 205, 0, 32;
    %load/vec4 v0x7fdf80c07420_0;
    %pad/u 32;
    %cmp/u;
    %flag_get/vec4 4;
    %flag_get/vec4 5;
    %or;
    %load/vec4 v0x7fdf80c07420_0;
    %pad/u 32;
    %cmpi/u 217, 0, 32;
    %flag_get/vec4 5;
    %and;
    %flag_set/vec4 8;
    %jmp/0xz  T_10.10, 8;
    %load/vec4 v0x7fdf80c07370_0;
    %pad/u 32;
    %cmpi/u 324, 0, 32;
    %jmp/0xz  T_10.12, 5;
    %pushi/vec4 15, 0, 4;
    %assign/vec4 v0x7fdf80c07980_0, 0;
    %pushi/vec4 15, 0, 4;
    %assign/vec4 v0x7fdf80c07830_0, 0;
    %pushi/vec4 15, 0, 4;
    %assign/vec4 v0x7fdf80c078d0_0, 0;
    %jmp T_10.13;
T_10.12 ;
    %pushi/vec4 324, 0, 32;
    %load/vec4 v0x7fdf80c07370_0;
    %pad/u 32;
    %cmp/u;
    %flag_get/vec4 4;
    %flag_get/vec4 5;
    %or;
    %load/vec4 v0x7fdf80c07370_0;
    %pad/u 32;
    %cmpi/u 371, 0, 32;
    %flag_get/vec4 5;
    %and;
    %flag_set/vec4 8;
    %jmp/0xz  T_10.14, 8;
    %pushi/vec4 15, 0, 4;
    %assign/vec4 v0x7fdf80c07980_0, 0;
    %pushi/vec4 0, 0, 4;
    %assign/vec4 v0x7fdf80c07830_0, 0;
    %pushi/vec4 15, 0, 4;
    %assign/vec4 v0x7fdf80c078d0_0, 0;
    %jmp T_10.15;
T_10.14 ;
    %pushi/vec4 371, 0, 32;
    %load/vec4 v0x7fdf80c07370_0;
    %pad/u 32;
    %cmp/u;
    %flag_get/vec4 4;
    %flag_get/vec4 5;
    %or;
    %load/vec4 v0x7fdf80c07370_0;
    %pad/u 32;
    %cmpi/u 383, 0, 32;
    %flag_get/vec4 5;
    %and;
    %flag_set/vec4 8;
    %jmp/0xz  T_10.16, 8;
    %pushi/vec4 0, 0, 4;
    %assign/vec4 v0x7fdf80c07980_0, 0;
    %pushi/vec4 0, 0, 4;
    %assign/vec4 v0x7fdf80c07830_0, 0;
    %pushi/vec4 0, 0, 4;
    %assign/vec4 v0x7fdf80c078d0_0, 0;
    %jmp T_10.17;
T_10.16 ;
    %pushi/vec4 383, 0, 32;
    %load/vec4 v0x7fdf80c07370_0;
    %pad/u 32;
    %cmp/u;
    %flag_get/vec4 4;
    %flag_get/vec4 5;
    %or;
    %load/vec4 v0x7fdf80c07370_0;
    %pad/u 32;
    %cmpi/u 545, 0, 32;
    %flag_get/vec4 5;
    %and;
    %flag_set/vec4 8;
    %jmp/0xz  T_10.18, 8;
    %pushi/vec4 15, 0, 4;
    %assign/vec4 v0x7fdf80c07980_0, 0;
    %pushi/vec4 0, 0, 4;
    %assign/vec4 v0x7fdf80c07830_0, 0;
    %pushi/vec4 15, 0, 4;
    %assign/vec4 v0x7fdf80c078d0_0, 0;
    %jmp T_10.19;
T_10.18 ;
    %pushi/vec4 545, 0, 32;
    %load/vec4 v0x7fdf80c07370_0;
    %pad/u 32;
    %cmp/u;
    %flag_get/vec4 4;
    %flag_get/vec4 5;
    %or;
    %load/vec4 v0x7fdf80c07370_0;
    %pad/u 32;
    %cmpi/u 557, 0, 32;
    %flag_get/vec4 5;
    %and;
    %flag_set/vec4 8;
    %jmp/0xz  T_10.20, 8;
    %pushi/vec4 0, 0, 4;
    %assign/vec4 v0x7fdf80c07980_0, 0;
    %pushi/vec4 0, 0, 4;
    %assign/vec4 v0x7fdf80c07830_0, 0;
    %pushi/vec4 0, 0, 4;
    %assign/vec4 v0x7fdf80c078d0_0, 0;
    %jmp T_10.21;
T_10.20 ;
    %pushi/vec4 557, 0, 32;
    %load/vec4 v0x7fdf80c07370_0;
    %pad/u 32;
    %cmp/u;
    %flag_get/vec4 4;
    %flag_get/vec4 5;
    %or;
    %load/vec4 v0x7fdf80c07370_0;
    %pad/u 32;
    %cmpi/u 604, 0, 32;
    %flag_get/vec4 5;
    %and;
    %flag_set/vec4 8;
    %jmp/0xz  T_10.22, 8;
    %pushi/vec4 15, 0, 4;
    %assign/vec4 v0x7fdf80c07980_0, 0;
    %pushi/vec4 0, 0, 4;
    %assign/vec4 v0x7fdf80c07830_0, 0;
    %pushi/vec4 15, 0, 4;
    %assign/vec4 v0x7fdf80c078d0_0, 0;
    %jmp T_10.23;
T_10.22 ;
    %load/vec4 v0x7fdf80c07370_0;
    %pad/u 32;
    %cmpi/u 604, 0, 32;
    %flag_inv 5; GE is !LT
    %jmp/0xz  T_10.24, 5;
    %pushi/vec4 15, 0, 4;
    %assign/vec4 v0x7fdf80c07980_0, 0;
    %pushi/vec4 15, 0, 4;
    %assign/vec4 v0x7fdf80c07830_0, 0;
    %pushi/vec4 15, 0, 4;
    %assign/vec4 v0x7fdf80c078d0_0, 0;
T_10.24 ;
T_10.23 ;
T_10.21 ;
T_10.19 ;
T_10.17 ;
T_10.15 ;
T_10.13 ;
    %jmp T_10.11;
T_10.10 ;
    %pushi/vec4 217, 0, 32;
    %load/vec4 v0x7fdf80c07420_0;
    %pad/u 32;
    %cmp/u;
    %flag_get/vec4 4;
    %flag_get/vec4 5;
    %or;
    %load/vec4 v0x7fdf80c07420_0;
    %pad/u 32;
    %cmpi/u 305, 0, 32;
    %flag_get/vec4 5;
    %and;
    %flag_set/vec4 8;
    %jmp/0xz  T_10.26, 8;
    %load/vec4 v0x7fdf80c07370_0;
    %pad/u 32;
    %cmpi/u 324, 0, 32;
    %jmp/0xz  T_10.28, 5;
    %pushi/vec4 15, 0, 4;
    %assign/vec4 v0x7fdf80c07980_0, 0;
    %pushi/vec4 15, 0, 4;
    %assign/vec4 v0x7fdf80c07830_0, 0;
    %pushi/vec4 15, 0, 4;
    %assign/vec4 v0x7fdf80c078d0_0, 0;
    %jmp T_10.29;
T_10.28 ;
    %pushi/vec4 324, 0, 32;
    %load/vec4 v0x7fdf80c07370_0;
    %pad/u 32;
    %cmp/u;
    %flag_get/vec4 4;
    %flag_get/vec4 5;
    %or;
    %load/vec4 v0x7fdf80c07370_0;
    %pad/u 32;
    %cmpi/u 604, 0, 32;
    %flag_get/vec4 5;
    %and;
    %flag_set/vec4 8;
    %jmp/0xz  T_10.30, 8;
    %pushi/vec4 15, 0, 4;
    %assign/vec4 v0x7fdf80c07980_0, 0;
    %pushi/vec4 0, 0, 4;
    %assign/vec4 v0x7fdf80c07830_0, 0;
    %pushi/vec4 15, 0, 4;
    %assign/vec4 v0x7fdf80c078d0_0, 0;
    %jmp T_10.31;
T_10.30 ;
    %load/vec4 v0x7fdf80c07370_0;
    %pad/u 32;
    %cmpi/u 604, 0, 32;
    %flag_inv 5; GE is !LT
    %jmp/0xz  T_10.32, 5;
    %pushi/vec4 15, 0, 4;
    %assign/vec4 v0x7fdf80c07980_0, 0;
    %pushi/vec4 15, 0, 4;
    %assign/vec4 v0x7fdf80c07830_0, 0;
    %pushi/vec4 15, 0, 4;
    %assign/vec4 v0x7fdf80c078d0_0, 0;
T_10.32 ;
T_10.31 ;
T_10.29 ;
    %jmp T_10.27;
T_10.26 ;
    %pushi/vec4 305, 0, 32;
    %load/vec4 v0x7fdf80c07420_0;
    %pad/u 32;
    %cmp/u;
    %flag_get/vec4 4;
    %flag_get/vec4 5;
    %or;
    %load/vec4 v0x7fdf80c07420_0;
    %pad/u 32;
    %cmpi/u 310, 0, 32;
    %flag_get/vec4 5;
    %and;
    %flag_set/vec4 8;
    %jmp/0xz  T_10.34, 8;
    %load/vec4 v0x7fdf80c07370_0;
    %pad/u 32;
    %cmpi/u 324, 0, 32;
    %jmp/0xz  T_10.36, 5;
    %pushi/vec4 15, 0, 4;
    %assign/vec4 v0x7fdf80c07980_0, 0;
    %pushi/vec4 15, 0, 4;
    %assign/vec4 v0x7fdf80c07830_0, 0;
    %pushi/vec4 15, 0, 4;
    %assign/vec4 v0x7fdf80c078d0_0, 0;
    %jmp T_10.37;
T_10.36 ;
    %pushi/vec4 324, 0, 32;
    %load/vec4 v0x7fdf80c07370_0;
    %pad/u 32;
    %cmp/u;
    %flag_get/vec4 4;
    %flag_get/vec4 5;
    %or;
    %load/vec4 v0x7fdf80c07370_0;
    %pad/u 32;
    %cmpi/u 371, 0, 32;
    %flag_get/vec4 5;
    %and;
    %flag_set/vec4 8;
    %jmp/0xz  T_10.38, 8;
    %pushi/vec4 15, 0, 4;
    %assign/vec4 v0x7fdf80c07980_0, 0;
    %pushi/vec4 0, 0, 4;
    %assign/vec4 v0x7fdf80c07830_0, 0;
    %pushi/vec4 15, 0, 4;
    %assign/vec4 v0x7fdf80c078d0_0, 0;
    %jmp T_10.39;
T_10.38 ;
    %pushi/vec4 371, 0, 32;
    %load/vec4 v0x7fdf80c07370_0;
    %pad/u 32;
    %cmp/u;
    %flag_get/vec4 4;
    %flag_get/vec4 5;
    %or;
    %load/vec4 v0x7fdf80c07370_0;
    %pad/u 32;
    %cmpi/u 557, 0, 32;
    %flag_get/vec4 5;
    %and;
    %flag_set/vec4 8;
    %jmp/0xz  T_10.40, 8;
    %pushi/vec4 0, 0, 4;
    %assign/vec4 v0x7fdf80c07980_0, 0;
    %pushi/vec4 0, 0, 4;
    %assign/vec4 v0x7fdf80c07830_0, 0;
    %pushi/vec4 0, 0, 4;
    %assign/vec4 v0x7fdf80c078d0_0, 0;
    %jmp T_10.41;
T_10.40 ;
    %pushi/vec4 557, 0, 32;
    %load/vec4 v0x7fdf80c07370_0;
    %pad/u 32;
    %cmp/u;
    %flag_get/vec4 4;
    %flag_get/vec4 5;
    %or;
    %load/vec4 v0x7fdf80c07370_0;
    %pad/u 32;
    %cmpi/u 604, 0, 32;
    %flag_get/vec4 5;
    %and;
    %flag_set/vec4 8;
    %jmp/0xz  T_10.42, 8;
    %pushi/vec4 15, 0, 4;
    %assign/vec4 v0x7fdf80c07980_0, 0;
    %pushi/vec4 0, 0, 4;
    %assign/vec4 v0x7fdf80c07830_0, 0;
    %pushi/vec4 15, 0, 4;
    %assign/vec4 v0x7fdf80c078d0_0, 0;
    %jmp T_10.43;
T_10.42 ;
    %load/vec4 v0x7fdf80c07370_0;
    %pad/u 32;
    %cmpi/u 604, 0, 32;
    %flag_inv 5; GE is !LT
    %jmp/0xz  T_10.44, 5;
    %pushi/vec4 15, 0, 4;
    %assign/vec4 v0x7fdf80c07980_0, 0;
    %pushi/vec4 15, 0, 4;
    %assign/vec4 v0x7fdf80c07830_0, 0;
    %pushi/vec4 15, 0, 4;
    %assign/vec4 v0x7fdf80c078d0_0, 0;
T_10.44 ;
T_10.43 ;
T_10.41 ;
T_10.39 ;
T_10.37 ;
    %jmp T_10.35;
T_10.34 ;
    %pushi/vec4 305, 0, 32;
    %load/vec4 v0x7fdf80c07420_0;
    %pad/u 32;
    %cmp/u;
    %flag_get/vec4 4;
    %flag_get/vec4 5;
    %or;
    %load/vec4 v0x7fdf80c07420_0;
    %pad/u 32;
    %cmpi/u 414, 0, 32;
    %flag_get/vec4 5;
    %and;
    %flag_set/vec4 8;
    %jmp/0xz  T_10.46, 8;
    %load/vec4 v0x7fdf80c07370_0;
    %pad/u 32;
    %cmpi/u 324, 0, 32;
    %jmp/0xz  T_10.48, 5;
    %pushi/vec4 15, 0, 4;
    %assign/vec4 v0x7fdf80c07980_0, 0;
    %pushi/vec4 15, 0, 4;
    %assign/vec4 v0x7fdf80c07830_0, 0;
    %pushi/vec4 15, 0, 4;
    %assign/vec4 v0x7fdf80c078d0_0, 0;
    %jmp T_10.49;
T_10.48 ;
    %pushi/vec4 324, 0, 32;
    %load/vec4 v0x7fdf80c07370_0;
    %pad/u 32;
    %cmp/u;
    %flag_get/vec4 4;
    %flag_get/vec4 5;
    %or;
    %load/vec4 v0x7fdf80c07370_0;
    %pad/u 32;
    %cmpi/u 604, 0, 32;
    %flag_get/vec4 5;
    %and;
    %flag_set/vec4 8;
    %jmp/0xz  T_10.50, 8;
    %pushi/vec4 15, 0, 4;
    %assign/vec4 v0x7fdf80c07980_0, 0;
    %pushi/vec4 0, 0, 4;
    %assign/vec4 v0x7fdf80c07830_0, 0;
    %pushi/vec4 15, 0, 4;
    %assign/vec4 v0x7fdf80c078d0_0, 0;
    %jmp T_10.51;
T_10.50 ;
    %load/vec4 v0x7fdf80c07370_0;
    %pad/u 32;
    %cmpi/u 604, 0, 32;
    %flag_inv 5; GE is !LT
    %jmp/0xz  T_10.52, 5;
    %pushi/vec4 15, 0, 4;
    %assign/vec4 v0x7fdf80c07980_0, 0;
    %pushi/vec4 15, 0, 4;
    %assign/vec4 v0x7fdf80c07830_0, 0;
    %pushi/vec4 15, 0, 4;
    %assign/vec4 v0x7fdf80c078d0_0, 0;
T_10.52 ;
T_10.51 ;
T_10.49 ;
    %jmp T_10.47;
T_10.46 ;
    %load/vec4 v0x7fdf80c07420_0;
    %pad/u 32;
    %cmpi/u 414, 0, 32;
    %flag_or 5, 4;
    %jmp/0xz  T_10.54, 5;
    %pushi/vec4 15, 0, 4;
    %assign/vec4 v0x7fdf80c07980_0, 0;
    %pushi/vec4 15, 0, 4;
    %assign/vec4 v0x7fdf80c07830_0, 0;
    %pushi/vec4 15, 0, 4;
    %assign/vec4 v0x7fdf80c078d0_0, 0;
T_10.54 ;
T_10.47 ;
T_10.35 ;
T_10.27 ;
T_10.11 ;
T_10.3 ;
T_10.1 ;
    %jmp T_10;
    .thread T_10;
# The file index is used to find the file name in the following table.
:file_names 3;
    "N/A";
    "<interactive>";
    "VGA_display.v";
